<?xml version="1.0" encoding="UTF-8"?>

<beans xmlns="http://www.springframework.org/schema/beans"
       xmlns:xsi="http://www.w3.org/2001/XMLSchema-instance"
       xmlns:p="http://www.springframework.org/schema/p"
       xmlns:tx="http://www.springframework.org/schema/tx"
       xmlns:context="http://www.springframework.org/schema/context"
       xmlns:jpa="http://www.springframework.org/schema/data/jpa"
       xsi:schemaLocation="http://www.springframework.org/schema/beans
            http://www.springframework.org/schema/beans/spring-beans-2.5.xsd
            http://www.springframework.org/schema/tx
            http://www.springframework.org/schema/tx/spring-tx.xsd
            http://www.springframework.org/schema/context
            http://www.springframework.org/schema/context/spring-context.xsd
            http://www.springframework.org/schema/data/jpa
            http://www.springframework.org/schema/data/jpa/spring-jpa.xsd">


    <!-- TODO migrate to java config -->

    <context:annotation-config/>
    <context:component-scan base-package="com.dood.app"/>
    <jpa:repositories base-package="com.dood.app.dao"/>

    <bean id="dataSource" class="org.springframework.jdbc.datasource.DriverManagerDataSource">
        <property name="driverClassName" value="org.h2.Driver"/>
        <property name="url" value="jdbc:h2:mem:test;DB_CLOSE_DELAY=-1"/>
    </bean>

    <bean id="flyway" class="org.flywaydb.core.Flyway" init-method="migrate">
        <property name="dataSource" ref="dataSource"/>
        <property name="locations" value="sql/common, sql/h2" />
    </bean>

    <bean id="jpaAdaptor" class="org.springframework.orm.jpa.vendor.HibernateJpaVendorAdapter">
        <property name="database" value="H2"/>
    </bean>

    <bean id="entityManagerFactory" depends-on="flyway"
          class="org.springframework.orm.jpa.LocalContainerEntityManagerFactoryBean">
        <property name="dataSource" ref="dataSource"/>
        <property name="packagesToScan" value="com.dood.app.entities"/>
        <property name="jpaVendorAdapter" ref="jpaAdaptor" />

        <property name="jpaProperties">
                <props>
                    <prop key="hibernate.dialect">org.hibernate.dialect.H2Dialect</prop>
                </props>
        </property>
    </bean>

    <tx:annotation-driven transaction-manager="transactionManager" />

    <bean id="transactionManager" class="org.springframework.orm.jpa.JpaTransactionManager">
        <property name="entityManagerFactory" ref="entityManagerFactory" />
        <!--<property name="jpaDialect" value="org.springframework.orm.jpa.vendor.HibernateJpaDialect"/>-->
    </bean>

    <bean id="persistenceExceptionTranslationPostProcessor"
          class="org.springframework.dao.annotation.PersistenceExceptionTranslationPostProcessor" />
</beans>